<?xml version="1.0" encoding="UTF-8"?>
<testsuite name="regression"
           tests="3"
           failures="0"
           errors="0"
           skipped="0"
           time="11.297">
  <properties />
  
  
            <testcase name="verifyUserShouldLoginSuccessFully" time="3.901" classname="com.orangehrmlive.demo.testsuite.LoginTest" />
                <testcase name="verifyThatTheLogoDisplayOnHomePage" time="3.061" classname="com.orangehrmlive.demo.testsuite.LoginTest" />
                <testcase name="verifyUserShouldLogOutSuccessFully" time="4.335" classname="com.orangehrmlive.demo.testsuite.LoginTest" />
      
</testsuite>
